<?xml version="1.0" encoding="UTF-8"?>
<coverage generated="1615303504569" clover="3.2.0">
  <project timestamp="1615303504569" name="All files">
    <metrics statements="24" coveredstatements="15" conditionals="0" coveredconditionals="0" methods="10" coveredmethods="4" elements="34" coveredelements="19" complexity="0" loc="24" ncloc="24" packages="1" files="1" classes="1"/>
    <file name="LogIn.jsx" path="/home/sa/code/201201-market-caffee/frontend/src/components/auth/LogIn.jsx">
      <metrics statements="24" coveredstatements="15" conditionals="0" coveredconditionals="0" methods="10" coveredmethods="4"/>
      <line num="6" count="2" type="stmt"/>
      <line num="8" count="1" type="stmt"/>
      <line num="11" count="2" type="stmt"/>
      <line num="13" count="8" type="stmt"/>
      <line num="15" count="8" type="stmt"/>
      <line num="17" count="8" type="stmt"/>
      <line num="18" count="16" type="stmt"/>
      <line num="21" count="8" type="stmt"/>
      <line num="22" count="0" type="stmt"/>
      <line num="23" count="0" type="stmt"/>
      <line num="24" count="0" type="stmt"/>
      <line num="25" count="0" type="stmt"/>
      <line num="28" count="8" type="stmt"/>
      <line num="29" count="0" type="stmt"/>
      <line num="30" count="0" type="stmt"/>
      <line num="33" count="8" type="stmt"/>
      <line num="34" count="8" type="stmt"/>
      <line num="36" count="8" type="stmt"/>
      <line num="39" count="0" type="stmt"/>
      <line num="54" count="16" type="stmt"/>
      <line num="67" count="0" type="stmt"/>
      <line num="78" count="0" type="stmt"/>
      <line num="93" count="2" type="stmt"/>
      <line num="102" count="2" type="stmt"/>
    </file>
  </project>
</coverage>
