{"/home/sa/code/201201-market-caffee/frontend/src/components/auth/LogIn.jsx": {"path":"/home/sa/code/201201-market-caffee/frontend/src/components/auth/LogIn.jsx","statementMap":{"0":{"start":{"line":6,"column":24},"end":{"line":9,"column":1}},"1":{"start":{"line":8,"column":2},"end":{"line":8,"column":62}},"2":{"start":{"line":11,"column":21},"end":{"line":91,"column":1}},"3":{"start":{"line":13,"column":34},"end":{"line":13,"column":53}},"4":{"start":{"line":15,"column":30},"end":{"line":15,"column":38}},"5":{"start":{"line":17,"column":20},"end":{"line":19,"column":3}},"6":{"start":{"line":18,"column":4},"end":{"line":18,"column":49}},"7":{"start":{"line":21,"column":20},"end":{"line":26,"column":3}},"8":{"start":{"line":22,"column":4},"end":{"line":22,"column":25}},"9":{"start":{"line":23,"column":4},"end":{"line":23,"column":20}},"10":{"start":{"line":24,"column":4},"end":{"line":24,"column":34}},"11":{"start":{"line":25,"column":4},"end":{"line":25,"column":40}},"12":{"start":{"line":28,"column":25},"end":{"line":31,"column":3}},"13":{"start":{"line":29,"column":4},"end":{"line":29,"column":25}},"14":{"start":{"line":30,"column":4},"end":{"line":30,"column":20}},"15":{"start":{"line":33,"column":16},"end":{"line":33,"column":22}},"16":{"start":{"line":34,"column":19},"end":{"line":34,"column":27}},"17":{"start":{"line":36,"column":2},"end":{"line":90,"column":4}},"18":{"start":{"line":39,"column":44},"end":{"line":39,"column":58}},"19":{"start":{"line":54,"column":31},"end":{"line":54,"column":52}},"20":{"start":{"line":67,"column":31},"end":{"line":67,"column":52}},"21":{"start":{"line":78,"column":34},"end":{"line":78,"column":53}},"22":{"start":{"line":93,"column":0},"end":{"line":100,"column":2}},"23":{"start":{"line":102,"column":0},"end":{"line":106,"column":2}}},"fnMap":{"0":{"name":"(anonymous_0)","decl":{"start":{"line":6,"column":24},"end":{"line":6,"column":25}},"loc":{"start":{"line":6,"column":74},"end":{"line":9,"column":1}},"line":6},"1":{"name":"(anonymous_1)","decl":{"start":{"line":11,"column":21},"end":{"line":11,"column":22}},"loc":{"start":{"line":11,"column":65},"end":{"line":91,"column":1}},"line":11},"2":{"name":"(anonymous_2)","decl":{"start":{"line":17,"column":20},"end":{"line":17,"column":21}},"loc":{"start":{"line":17,"column":41},"end":{"line":19,"column":3}},"line":17},"3":{"name":"(anonymous_3)","decl":{"start":{"line":21,"column":20},"end":{"line":21,"column":21}},"loc":{"start":{"line":21,"column":33},"end":{"line":26,"column":3}},"line":21},"4":{"name":"(anonymous_4)","decl":{"start":{"line":28,"column":25},"end":{"line":28,"column":26}},"loc":{"start":{"line":28,"column":32},"end":{"line":31,"column":3}},"line":28},"5":{"name":"(anonymous_5)","decl":{"start":{"line":39,"column":37},"end":{"line":39,"column":38}},"loc":{"start":{"line":39,"column":44},"end":{"line":39,"column":58}},"line":39},"6":{"name":"(anonymous_6)","decl":{"start":{"line":54,"column":24},"end":{"line":54,"column":25}},"loc":{"start":{"line":54,"column":31},"end":{"line":54,"column":52}},"line":54},"7":{"name":"(anonymous_7)","decl":{"start":{"line":67,"column":24},"end":{"line":67,"column":25}},"loc":{"start":{"line":67,"column":31},"end":{"line":67,"column":52}},"line":67},"8":{"name":"(anonymous_8)","decl":{"start":{"line":78,"column":27},"end":{"line":78,"column":28}},"loc":{"start":{"line":78,"column":34},"end":{"line":78,"column":53}},"line":78},"9":{"name":"(anonymous_9)","decl":{"start":{"line":94,"column":17},"end":{"line":94,"column":18}},"loc":{"start":{"line":94,"column":23},"end":{"line":94,"column":25}},"line":94}},"branchMap":{},"s":{"0":2,"1":1,"2":2,"3":8,"4":8,"5":8,"6":16,"7":8,"8":0,"9":0,"10":0,"11":0,"12":8,"13":0,"14":0,"15":8,"16":8,"17":8,"18":0,"19":16,"20":0,"21":0,"22":2,"23":2},"f":{"0":1,"1":8,"2":16,"3":0,"4":0,"5":0,"6":16,"7":0,"8":0,"9":0},"b":{},"_coverageSchema":"1a1c01bbd47fc00a2c39e90264f33305004495a9","hash":"1a20461a5a977819e874c59da586f419801aba4e"}
}
