TN:
SF:src/components/auth/LogIn.jsx
FN:6,(anonymous_0)
FN:11,(anonymous_1)
FN:17,(anonymous_2)
FN:21,(anonymous_3)
FN:28,(anonymous_4)
FN:39,(anonymous_5)
FN:54,(anonymous_6)
FN:67,(anonymous_7)
FN:78,(anonymous_8)
FN:94,(anonymous_9)
FNF:10
FNH:4
FNDA:1,(anonymous_0)
FNDA:8,(anonymous_1)
FNDA:16,(anonymous_2)
FNDA:0,(anonymous_3)
FNDA:0,(anonymous_4)
FNDA:0,(anonymous_5)
FNDA:16,(anonymous_6)
FNDA:0,(anonymous_7)
FNDA:0,(anonymous_8)
FNDA:0,(anonymous_9)
DA:6,2
DA:8,1
DA:11,2
DA:13,8
DA:15,8
DA:17,8
DA:18,16
DA:21,8
DA:22,0
DA:23,0
DA:24,0
DA:25,0
DA:28,8
DA:29,0
DA:30,0
DA:33,8
DA:34,8
DA:36,8
DA:39,0
DA:54,16
DA:67,0
DA:78,0
DA:93,2
DA:102,2
LF:24
LH:15
BRF:0
BRH:0
end_of_record
